<?xml version="1.0" encoding="UTF-8"?>
<!-- Generated by org.testng.reporters.JUnitReportReporter -->
<testsuite hostname="LAPTOP-0S35IHI2" failures="0" tests="1" name="newpackage.TestNG1" time="0.008" errors="0" timestamp="2023-09-12T17:31:43 IST" skipped="0">
  <testcase classname="newpackage.TestNG1" name="x" time="0.008"/>
</testsuite> <!-- newpackage.TestNG1 -->
