<?xml version="1.0" encoding="UTF-8"?>
<!-- Generated by org.testng.reporters.JUnitReportReporter -->
<testsuite hostname="LAPTOP-0S35IHI2" failures="0" tests="1" name="newpackage.Reliancedigital" time="29.319" errors="0" timestamp="2023-09-11T07:46:17 IST" skipped="0">
  <testcase classname="newpackage.Reliancedigital" name="links" time="29.319"/>
</testsuite> <!-- newpackage.Reliancedigital -->
