<?xml version="1.0" encoding="UTF-8"?>
<!-- Generated by org.testng.reporters.JUnitReportReporter -->
<testsuite hostname="LAPTOP-0S35IHI2" failures="0" tests="3" name="newpackage.TestNG" time="24.656" errors="0" timestamp="2023-09-12T19:26:52 IST" skipped="3">
  <testcase classname="newpackage.TestNG" name="b" time="12.342">
    <skipped/>
  </testcase> <!-- b -->
  <testcase classname="newpackage.TestNG" name="b" time="12.313">
    <skipped/>
  </testcase> <!-- b -->
  <testcase classname="newpackage.TestNG" name="a" time="0.001">
    <skipped/>
  </testcase> <!-- a -->
</testsuite> <!-- newpackage.TestNG -->
